[debug] [2020-09-20T05:08:12.321Z] ----------------------------------------------------------------------
[debug] [2020-09-20T05:08:12.324Z] Command:       C:\Program Files\nodejs\node.exe C:\Users\emnav\AppData\Roaming\npm\node_modules\firebase-tools\lib\bin\firebase.js init
[debug] [2020-09-20T05:08:12.324Z] CLI Version:   8.10.0
[debug] [2020-09-20T05:08:12.324Z] Platform:      win32
[debug] [2020-09-20T05:08:12.324Z] Node Version:  v12.18.3
[debug] [2020-09-20T05:08:12.326Z] Time:          Sat Sep 19 2020 23:08:12 GMT-0600 (GMT-06:00)
[debug] [2020-09-20T05:08:12.326Z] ----------------------------------------------------------------------
[debug] [2020-09-20T05:08:12.326Z] 
[debug] [2020-09-20T05:08:12.336Z] > command requires scopes: ["email","openid","https://www.googleapis.com/auth/cloudplatformprojects.readonly","https://www.googleapis.com/auth/firebase","https://www.googleapis.com/auth/cloud-platform"]
[debug] [2020-09-20T05:08:12.337Z] > authorizing via signed-in user
[info] 
     ######## #### ########  ######## ########     ###     ######  ########
     ##        ##  ##     ## ##       ##     ##  ##   ##  ##       ##
     ######    ##  ########  ######   ########  #########  ######  ######
     ##        ##  ##    ##  ##       ##     ## ##     ##       ## ##
     ##       #### ##     ## ######## ########  ##     ##  ######  ########

You're about to initialize a Firebase project in this directory:

  E:\Documents\UDB\2020-02\DPS\LAB\GuiLabDPS\guia05\crudAngularFirebase

Before we get started, keep in mind:

  * You are initializing in an existing Firebase project directory

[info] 
=== Project Setup
[info] 
[info] First, let's associate this project directory with a Firebase project.
[info] You can create multiple project aliases by running firebase use --add, 
[info] but for now we'll just set up a default project.
[info] 
[info] i  .firebaserc already has a default project, using crudangularfirebase-faa00. 
[debug] [2020-09-20T05:08:16.659Z] >>> HTTP REQUEST GET https://firebase.googleapis.com/v1beta1/projects/crudangularfirebase-faa00  
 
[debug] [2020-09-20T05:08:17.158Z] <<< HTTP RESPONSE 403 {"vary":"X-Origin, Referer, Origin,Accept-Encoding","content-type":"application/json; charset=UTF-8","date":"Sun, 20 Sep 2020 05:08:17 GMT","server":"ESF","cache-control":"private","x-xss-protection":"0","x-frame-options":"SAMEORIGIN","x-content-type-options":"nosniff","alt-svc":"h3-Q050=\":443\"; ma=2592000,h3-29=\":443\"; ma=2592000,h3-27=\":443\"; ma=2592000,h3-T051=\":443\"; ma=2592000,h3-T050=\":443\"; ma=2592000,h3-Q046=\":443\"; ma=2592000,h3-Q043=\":443\"; ma=2592000,quic=\":443\"; ma=2592000; v=\"46,43\"","accept-ranges":"none","transfer-encoding":"chunked"}
[debug] [2020-09-20T05:08:17.159Z] <<< HTTP RESPONSE BODY {"error":{"code":403,"message":"The caller does not have permission","status":"PERMISSION_DENIED"}}
[debug] [2020-09-20T05:08:17.163Z] HTTP Error: 403, The caller does not have permission
[debug] [2020-09-20T05:08:17.169Z] FirebaseError: HTTP Error: 403, The caller does not have permission
    at module.exports (C:\Users\emnav\AppData\Roaming\npm\node_modules\firebase-tools\lib\responseToError.js:38:12)
    at Request._callback (C:\Users\emnav\AppData\Roaming\npm\node_modules\firebase-tools\lib\api.js:41:35)
    at Request.self.callback (C:\Users\emnav\AppData\Roaming\npm\node_modules\firebase-tools\node_modules\request\request.js:185:22)
    at Request.emit (events.js:315:20)
    at Request.EventEmitter.emit (domain.js:483:12)
    at Request.<anonymous> (C:\Users\emnav\AppData\Roaming\npm\node_modules\firebase-tools\node_modules\request\request.js:1154:10)
    at Request.emit (events.js:315:20)
    at Request.EventEmitter.emit (domain.js:483:12)
    at IncomingMessage.<anonymous> (C:\Users\emnav\AppData\Roaming\npm\node_modules\firebase-tools\node_modules\request\request.js:1076:12)
    at Object.onceWrapper (events.js:421:28)
    at IncomingMessage.emit (events.js:327:22)
    at IncomingMessage.EventEmitter.emit (domain.js:483:12)
    at endReadableNT (_stream_readable.js:1220:12)
    at processTicksAndRejections (internal/process/task_queues.js:84:21)
[error] 
[error] Error: Failed to get Firebase project crudangularfirebase-faa00. Please make sure the project exists and your account has permission to access it.
